生成启动时间为 2013/11/14 星期四 16:03:05。
     1>项目“D:\Code\mylib\Source\TMysql\TMysql.vcxproj”在节点 2 上(Build 个目标)。
     1>ClCompile:
         C:\Program Files (x86)\Microsoft Visual Studio 11.0\VC\bin\CL.exe /c /I"C:\Program Files\MySQL\MySQL Server 5.6\include" /ZI /nologo /W3 /WX- /Od /Oy- /D WIN32 /D _DEBUG /D _WINDOWS /D _USRDLL /D TMYSQL_EXPORTS /D _WINDLL /D _UNICODE /D UNICODE /Gm /EHsc /RTC1 /MDd /GS /fp:precise /Zc:wchar_t /Zc:forScope /Fo"Debug\\" /Fd"Debug\vc110.pdb" /Gd /TP /analyze- /errorReport:prompt lib\type_info.cpp
         type_info.cpp
     1>d:\code\mylib\source\tmysql\lib\type_info.cpp(62): warning C4273: “types”: dll 链接不一致
                 d:\code\mylib\source\tmysql\lib\type_info.h(281) : 参见“private: static mysqlpp::mysql_ti_sql_type_info const * const mysqlpp::mysql_type_info::types”的前一个定义
     1>d:\code\mylib\source\tmysql\lib\type_info.cpp(62): error C2491: “mysqlpp::mysql_type_info::types”: 不允许 dllimport 静态数据成员 的定义
     1>d:\code\mylib\source\tmysql\lib\type_info.cpp(220): warning C4273: “num_types”: dll 链接不一致
                 d:\code\mylib\source\tmysql\lib\type_info.h(282) : 参见“private: static int const mysqlpp::mysql_type_info::num_types”的前一个定义
     1>d:\code\mylib\source\tmysql\lib\type_info.cpp(220): error C2491: “mysqlpp::mysql_type_info::num_types”: 不允许 dllimport 静态数据成员 的定义
     1>d:\code\mylib\source\tmysql\lib\type_info.cpp(225): warning C4273: “lookups”: dll 链接不一致
                 d:\code\mylib\source\tmysql\lib\type_info.h(284) : 参见“private: static mysqlpp::mysql_ti_sql_type_info_lookup const mysqlpp::mysql_type_info::lookups”的前一个定义
     1>d:\code\mylib\source\tmysql\lib\type_info.cpp(225): error C2491: “mysqlpp::mysql_type_info::lookups”: 不允许 dllimport 静态数据成员 的定义
     1>d:\code\mylib\source\tmysql\lib\type_info.cpp(232): warning C4273: “mysqlpp::mysql_ti_sql_type_info_lookup::mysql_ti_sql_type_info_lookup”: dll 链接不一致
                 d:\code\mylib\source\tmysql\lib\type_info.h(121) : 参见“{ctor}”的前一个定义
     1>d:\code\mylib\source\tmysql\lib\type_info.cpp(244): warning C4273: “mysqlpp::mysql_type_info::type”: dll 链接不一致
                 d:\code\mylib\source\tmysql\lib\type_info.h(304) : 参见“type”的前一个定义
     1>d:\code\mylib\source\tmysql\lib\type_info.cpp(257): warning C4273: “mysqlpp::mysql_type_info::quote_q”: dll 链接不一致
                 d:\code\mylib\source\tmysql\lib\type_info.h(248) : 参见“quote_q”的前一个定义
     1>d:\code\mylib\source\tmysql\lib\type_info.cpp(272): warning C4273: “mysqlpp::mysql_type_info::escape_q”: dll 链接不一致
                 d:\code\mylib\source\tmysql\lib\type_info.h(255) : 参见“escape_q”的前一个定义
     1>已完成生成项目“D:\Code\mylib\Source\TMysql\TMysql.vcxproj”(Build 个目标)的操作 - 失败。

生成失败。

已用时间 00:00:01.31
