生成启动时间为 2013/10/31 星期四 17:46:46。
     1>项目“D:\Code\mylib\build\src\libnet\libnet.vcxproj”在节点 2 上(Build 个目标)。
     1>ClCompile:
         C:\Program Files (x86)\Microsoft Visual Studio 11.0\VC\bin\x86_amd64\CL.exe /c /ID:/Code/mylib/src/libnet/../Public /ID:/Code/mylib/src/libnet/./Interface /ID:/Code/mylib/src/libnet/./Subunit /ID:/Code/mylib/src/libnet/./Windows /Zi /nologo /W3 /WX- /Od /Ob0 /D WIN32 /D _WINDOWS /D _DEBUG /D "CMAKE_INTDIR=\"Debug\"" /D libnet_EXPORTS /D _WINDLL /D _MBCS /Gm- /EHsc /RTC1 /MDd /GS /fp:precise /Zc:wchar_t /Zc:forScope /GR /Fo"libnet.dir\Debug\\" /Fd"libnet.dir\Debug\vc110.pdb" /Gd /TP /errorReport:prompt ..\..\..\src\libnet\Windows\CNet.cpp
         CNet.cpp
     1>d:\code\mylib\src\public\WinTools.h(129): warning C4267: “初始化”: 从“size_t”转换到“int”，可能丢失数据
     1>d:\code\mylib\src\public\WinTools.h(130): warning C4267: “初始化”: 从“size_t”转换到“int”，可能丢失数据
     1>d:\code\mylib\src\public\WinTools.h(136): warning C4267: “初始化”: 从“size_t”转换到“int”，可能丢失数据
     1>d:\code\mylib\src\public\WinTools.h(143): warning C4244: “初始化”: 从“__int64”转换到“int”，可能丢失数据
       Link:
         C:\Program Files (x86)\Microsoft Visual Studio 11.0\VC\bin\x86_amd64\link.exe /ERRORREPORT:PROMPT /OUT:"D:\Code\mylib\bin\libnet\Debug\libnet.dll" /INCREMENTAL /NOLOGO kernel32.lib user32.lib gdi32.lib winspool.lib shell32.lib ole32.lib oleaut32.lib uuid.lib comdlg32.lib advapi32.lib /MANIFEST /MANIFESTUAC:"level='asInvoker' uiAccess='false'" /manifest:embed /DEBUG /PDB:"D:/Code/mylib/bin/libnet/Debug/libnet.pdb" /SUBSYSTEM:CONSOLE /TLBID:1 /DYNAMICBASE /NXCOMPAT /IMPLIB:"D:/Code/mylib/bin/libnet/Debug/libnet.lib" /MACHINE:X64  /machine:x64 /debug /DLL libnet.dir\Debug\main.obj
         libnet.dir\Debug\CNet.obj
         libnet.dir\Debug\iocp.obj
         libnet.dir\Debug\iocp_event.obj
         libnet.dir\Debug\WinConsole.obj
         libnet.dir\Debug\CStream.obj
         libnet.dir\Debug\CDumper.obj
         libnet.dir\Debug\CInetAddress.obj
            正在创建库 D:/Code/mylib/bin/libnet/Debug/libnet.lib 和对象 D:/Code/mylib/bin/libnet/Debug/libnet.exp
         libnet.vcxproj -> D:\Code\mylib\bin\libnet\Debug\libnet.dll
     1>已完成生成项目“D:\Code\mylib\build\src\libnet\libnet.vcxproj”(Build 个目标)的操作。

生成成功。

已用时间 00:00:03.30
