D:\CODE\MYLIB\BUILD\SOURCE\KERNEL\MAIN.DIR\DEBUG\CDUMPER.OBJ
D:\CODE\MYLIB\BUILD\SOURCE\KERNEL\MAIN.DIR\DEBUG\CSTREAM.OBJ
D:\CODE\MYLIB\BUILD\SOURCE\KERNEL\MAIN.DIR\DEBUG\WINCONSOLE.OBJ
D:\CODE\MYLIB\BUILD\SOURCE\KERNEL\MAIN.DIR\DEBUG\MAIN.OBJ
D:\CODE\MYLIB\BUILD\SOURCE\KERNEL\MAIN.DIR\DEBUG\HEAD.OBJ
D:\CODE\MYLIB\BUILD\SOURCE\KERNEL\MAIN.DIR\DEBUG\MODULEMGR.OBJ
D:\CODE\MYLIB\BUILD\SOURCE\KERNEL\MAIN.DIR\DEBUG\KERNEL.OBJ
D:\CODE\MYLIB\BUILD\SOURCE\KERNEL\MAIN.DIR\DEBUG\VC110.PDB
D:\CODE\MYLIB\BUILD\SOURCE\KERNEL\CMAKEFILES\GENERATE.STAMP
D:\CODE\MYLIB\BIN\MAIN\DEBUG\MAIN.ILK
D:\CODE\MYLIB\BIN\MAIN\DEBUG\MAIN.EXE
D:\CODE\MYLIB\BIN\MAIN\DEBUG\MAIN.PDB
D:\Code\mylib\build\Source\Kernel\main.dir\Debug\CDumper.obj
D:\Code\mylib\build\Source\Kernel\main.dir\Debug\CStream.obj
D:\Code\mylib\build\Source\Kernel\main.dir\Debug\Head.obj
D:\Code\mylib\build\Source\Kernel\main.dir\Debug\Kernel.obj
D:\Code\mylib\build\Source\Kernel\main.dir\Debug\main.obj
D:\Code\mylib\build\Source\Kernel\main.dir\Debug\ModuleMgr.obj
D:\Code\mylib\build\Source\Kernel\main.dir\Debug\WinConsole.obj
D:\Code\mylib\build\Source\Kernel\main.dir\Debug\cl.command.1.tlog
D:\Code\mylib\build\Source\Kernel\main.dir\Debug\CL.read.1.tlog
D:\Code\mylib\build\Source\Kernel\main.dir\Debug\CL.write.1.tlog
D:\Code\mylib\build\Source\Kernel\main.dir\Debug\custombuild.command.1.tlog
D:\Code\mylib\build\Source\Kernel\main.dir\Debug\custombuild.read.1.tlog
D:\Code\mylib\build\Source\Kernel\main.dir\Debug\custombuild.write.1.tlog
D:\Code\mylib\build\Source\Kernel\main.dir\Debug\link-cvtres.read.1.tlog
D:\Code\mylib\build\Source\Kernel\main.dir\Debug\link-cvtres.write.1.tlog
D:\Code\mylib\build\Source\Kernel\main.dir\Debug\link-rc.read.1.tlog
D:\Code\mylib\build\Source\Kernel\main.dir\Debug\link-rc.write.1.tlog
D:\Code\mylib\build\Source\Kernel\main.dir\Debug\link.3460-cvtres.read.1.tlog
D:\Code\mylib\build\Source\Kernel\main.dir\Debug\link.3460-cvtres.write.1.tlog
D:\Code\mylib\build\Source\Kernel\main.dir\Debug\link.3460-rc.read.1.tlog
D:\Code\mylib\build\Source\Kernel\main.dir\Debug\link.3460-rc.write.1.tlog
D:\Code\mylib\build\Source\Kernel\main.dir\Debug\link.3460.read.1.tlog
D:\Code\mylib\build\Source\Kernel\main.dir\Debug\link.3460.write.1.tlog
D:\Code\mylib\build\Source\Kernel\main.dir\Debug\link.4276-cvtres.read.1.tlog
D:\Code\mylib\build\Source\Kernel\main.dir\Debug\link.4276-cvtres.write.1.tlog
D:\Code\mylib\build\Source\Kernel\main.dir\Debug\link.4276-rc.read.1.tlog
D:\Code\mylib\build\Source\Kernel\main.dir\Debug\link.4276-rc.write.1.tlog
D:\Code\mylib\build\Source\Kernel\main.dir\Debug\link.4276.read.1.tlog
D:\Code\mylib\build\Source\Kernel\main.dir\Debug\link.4276.write.1.tlog
D:\Code\mylib\build\Source\Kernel\main.dir\Debug\link.5212-cvtres.read.1.tlog
D:\Code\mylib\build\Source\Kernel\main.dir\Debug\link.5212-cvtres.write.1.tlog
D:\Code\mylib\build\Source\Kernel\main.dir\Debug\link.5212-rc.read.1.tlog
D:\Code\mylib\build\Source\Kernel\main.dir\Debug\link.5212-rc.write.1.tlog
D:\Code\mylib\build\Source\Kernel\main.dir\Debug\link.5212.read.1.tlog
D:\Code\mylib\build\Source\Kernel\main.dir\Debug\link.5212.write.1.tlog
D:\Code\mylib\build\Source\Kernel\main.dir\Debug\link.5288-cvtres.read.1.tlog
D:\Code\mylib\build\Source\Kernel\main.dir\Debug\link.5288-cvtres.write.1.tlog
D:\Code\mylib\build\Source\Kernel\main.dir\Debug\link.5288-rc.read.1.tlog
D:\Code\mylib\build\Source\Kernel\main.dir\Debug\link.5288-rc.write.1.tlog
D:\Code\mylib\build\Source\Kernel\main.dir\Debug\link.5288.read.1.tlog
D:\Code\mylib\build\Source\Kernel\main.dir\Debug\link.5288.write.1.tlog
D:\Code\mylib\build\Source\Kernel\main.dir\Debug\link.5328-cvtres.read.1.tlog
D:\Code\mylib\build\Source\Kernel\main.dir\Debug\link.5328-cvtres.write.1.tlog
D:\Code\mylib\build\Source\Kernel\main.dir\Debug\link.5328-rc.read.1.tlog
D:\Code\mylib\build\Source\Kernel\main.dir\Debug\link.5328-rc.write.1.tlog
D:\Code\mylib\build\Source\Kernel\main.dir\Debug\link.5328.read.1.tlog
D:\Code\mylib\build\Source\Kernel\main.dir\Debug\link.5328.write.1.tlog
D:\Code\mylib\build\Source\Kernel\main.dir\Debug\link.5476.read.1.tlog
D:\Code\mylib\build\Source\Kernel\main.dir\Debug\link.5476.write.1.tlog
D:\Code\mylib\build\Source\Kernel\main.dir\Debug\link.584-cvtres.read.1.tlog
D:\Code\mylib\build\Source\Kernel\main.dir\Debug\link.584-cvtres.write.1.tlog
D:\Code\mylib\build\Source\Kernel\main.dir\Debug\link.584-rc.read.1.tlog
D:\Code\mylib\build\Source\Kernel\main.dir\Debug\link.584-rc.write.1.tlog
D:\Code\mylib\build\Source\Kernel\main.dir\Debug\link.584.read.1.tlog
D:\Code\mylib\build\Source\Kernel\main.dir\Debug\link.584.write.1.tlog
D:\Code\mylib\build\Source\Kernel\main.dir\Debug\link.5956-cvtres.read.1.tlog
D:\Code\mylib\build\Source\Kernel\main.dir\Debug\link.5956-cvtres.write.1.tlog
D:\Code\mylib\build\Source\Kernel\main.dir\Debug\link.5956-rc.read.1.tlog
D:\Code\mylib\build\Source\Kernel\main.dir\Debug\link.5956-rc.write.1.tlog
D:\Code\mylib\build\Source\Kernel\main.dir\Debug\link.5956.read.1.tlog
D:\Code\mylib\build\Source\Kernel\main.dir\Debug\link.5956.write.1.tlog
D:\Code\mylib\build\Source\Kernel\main.dir\Debug\link.command.1.tlog
D:\Code\mylib\build\Source\Kernel\main.dir\Debug\link.read.1.tlog
D:\Code\mylib\build\Source\Kernel\main.dir\Debug\link.write.1.tlog
D:\Code\mylib\build\Source\Kernel\main.dir\Debug\vc110.pdb
D:\Code\mylib\bin\main\Debug\main.pdb
D:\Code\mylib\bin\main\Debug\main.exe
D:\Code\mylib\bin\main\Debug\main.ilk
