生成启动时间为 2013/11/2 星期六 18:47:04。
     1>项目“D:\Code\mylib\build\Source\Net_library\libnet.vcxproj”在节点 2 上(Build 个目标)。
     1>CustomBuild:
         Building Custom Rule D:/Code/mylib/Source/Net_library/CMakeLists.txt
         CMake does not need to re-run because D:\Code\mylib\build\Source\Net_library\CMakeFiles\generate.stamp is up-to-date.
       ClCompile:
         C:\Program Files (x86)\Microsoft Visual Studio 11.0\VC\bin\x86_amd64\CL.exe /c /ID:/Code/mylib/Source/Net_library/../Public /ID:/Code/mylib/Source/Net_library/./Interface /ID:/Code/mylib/Source/Net_library/./Subunit /ID:/Code/mylib/Source/Net_library/./Windows /Zi /nologo /W3 /WX- /Od /Ob0 /D WIN32 /D _WINDOWS /D _DEBUG /D "CMAKE_INTDIR=\"Debug\"" /D libnet_EXPORTS /D _WINDLL /D _MBCS /Gm- /EHsc /RTC1 /MDd /GS /fp:precise /Zc:wchar_t /Zc:forScope /GR /Fo"libnet.dir\Debug\\" /Fd"libnet.dir\Debug\vc110.pdb" /Gd /TP /errorReport:prompt ..\..\..\Source\Net_library\main.cpp ..\..\..\Source\Net_library\Windows\CNet.cpp ..\..\..\Source\Public\WinConsole.cpp ..\..\..\Source\Public\CStream.cpp ..\..\..\Source\Public\CDumper.cpp ..\..\..\Source\Net_library\Subunit\CInetAddress.cpp
         main.cpp
         CNet.cpp
     1>d:\code\mylib\source\public\WinTools.h(129): warning C4267: “初始化”: 从“size_t”转换到“int”，可能丢失数据
     1>d:\code\mylib\source\public\WinTools.h(130): warning C4267: “初始化”: 从“size_t”转换到“int”，可能丢失数据
     1>d:\code\mylib\source\public\WinTools.h(136): warning C4267: “初始化”: 从“size_t”转换到“int”，可能丢失数据
     1>d:\code\mylib\source\public\WinTools.h(143): warning C4244: “初始化”: 从“__int64”转换到“int”，可能丢失数据
         WinConsole.cpp
     1>d:\code\mylib\source\public\WinTools.h(129): warning C4267: “初始化”: 从“size_t”转换到“int”，可能丢失数据
     1>d:\code\mylib\source\public\WinTools.h(130): warning C4267: “初始化”: 从“size_t”转换到“int”，可能丢失数据
     1>d:\code\mylib\source\public\WinTools.h(136): warning C4267: “初始化”: 从“size_t”转换到“int”，可能丢失数据
     1>d:\code\mylib\source\public\WinTools.h(143): warning C4244: “初始化”: 从“__int64”转换到“int”，可能丢失数据
         CStream.cpp
         CDumper.cpp
     1>d:\code\mylib\source\public\WinTools.h(129): warning C4267: “初始化”: 从“size_t”转换到“int”，可能丢失数据
     1>d:\code\mylib\source\public\WinTools.h(130): warning C4267: “初始化”: 从“size_t”转换到“int”，可能丢失数据
     1>d:\code\mylib\source\public\WinTools.h(136): warning C4267: “初始化”: 从“size_t”转换到“int”，可能丢失数据
     1>d:\code\mylib\source\public\WinTools.h(143): warning C4244: “初始化”: 从“__int64”转换到“int”，可能丢失数据
         CInetAddress.cpp
         正在生成代码...
         C:\Program Files (x86)\Microsoft Visual Studio 11.0\VC\bin\x86_amd64\CL.exe /c /ID:/Code/mylib/Source/Net_library/../Public /ID:/Code/mylib/Source/Net_library/./Interface /ID:/Code/mylib/Source/Net_library/./Subunit /ID:/Code/mylib/Source/Net_library/./Windows /Zi /nologo /W3 /WX- /Od /Ob0 /D WIN32 /D _WINDOWS /D _DEBUG /D "CMAKE_INTDIR=\"Debug\"" /D libnet_EXPORTS /D _WINDLL /D _MBCS /Gm- /EHsc /RTC1 /MDd /GS /fp:precise /Zc:wchar_t /Zc:forScope /GR /Fo"libnet.dir\Debug\\" /Fd"libnet.dir\Debug\vc110.pdb" /Gd /TC /errorReport:prompt ..\..\..\Source\Net_library\Windows\iocp.c ..\..\..\Source\Net_library\Windows\iocp_event.c
         iocp.c
     1>..\..\..\Source\Net_library\Windows\iocp.c(34): warning C4047: “函数”:“size_t”与“char [40]”的间接级别不同
     1>..\..\..\Source\Net_library\Windows\iocp.c(34): warning C4024: “_snprintf_s”: 形参和实参 3 的类型不同
     1>..\..\..\Source\Net_library\Windows\iocp.c(34): warning C4047: “函数”:“const char *”与“int”的间接级别不同
     1>..\..\..\Source\Net_library\Windows\iocp.c(34): warning C4024: “_snprintf_s”: 形参和实参 4 的类型不同
     1>..\..\..\Source\Net_library\Windows\iocp.c(51): warning C4047: “函数”:“size_t”与“char [41]”的间接级别不同
     1>..\..\..\Source\Net_library\Windows\iocp.c(51): warning C4024: “_snprintf_s”: 形参和实参 3 的类型不同
     1>..\..\..\Source\Net_library\Windows\iocp.c(51): warning C4047: “函数”:“const char *”与“int”的间接级别不同
     1>..\..\..\Source\Net_library\Windows\iocp.c(51): warning C4024: “_snprintf_s”: 形参和实参 4 的类型不同
     1>..\..\..\Source\Net_library\Windows\iocp.c(87): warning C4244: “=”: 从“SOCKET”转换到“s32”，可能丢失数据
     1>..\..\..\Source\Net_library\Windows\iocp.c(275): warning C4244: “函数”: 从“u64”转换到“DWORD”，可能丢失数据
     1>..\..\..\Source\Net_library\Windows\iocp.c(320): warning C4047: “函数”:“size_t”与“char [3]”的间接级别不同
     1>..\..\..\Source\Net_library\Windows\iocp.c(320): warning C4024: “_snprintf_s”: 形参和实参 3 的类型不同
     1>..\..\..\Source\Net_library\Windows\iocp.c(340): warning C4047: “函数”:“size_t”与“char [3]”的间接级别不同
     1>..\..\..\Source\Net_library\Windows\iocp.c(340): warning C4024: “_snprintf_s”: 形参和实参 3 的类型不同
         iocp_event.c
     1>..\..\..\Source\Net_library\Windows\iocp_event.c(83): warning C4267: “=”: 从“size_t”转换到“s16”，可能丢失数据
         正在生成代码...
       Link:
         C:\Program Files (x86)\Microsoft Visual Studio 11.0\VC\bin\x86_amd64\link.exe /ERRORREPORT:PROMPT /OUT:"D:\Code\mylib\bin\libnet\Debug\libnet.dll" /INCREMENTAL /NOLOGO kernel32.lib user32.lib gdi32.lib winspool.lib shell32.lib ole32.lib oleaut32.lib uuid.lib comdlg32.lib advapi32.lib /MANIFEST /MANIFESTUAC:"level='asInvoker' uiAccess='false'" /manifest:embed /DEBUG /PDB:"D:/Code/mylib/bin/libnet/Debug/libnet.pdb" /SUBSYSTEM:CONSOLE /TLBID:1 /DYNAMICBASE /NXCOMPAT /IMPLIB:"D:/Code/mylib/bin/libnet/Debug/libnet.lib" /MACHINE:X64  /machine:x64 /debug /DLL libnet.dir\Debug\main.obj
         libnet.dir\Debug\CNet.obj
         libnet.dir\Debug\iocp.obj
         libnet.dir\Debug\iocp_event.obj
         libnet.dir\Debug\WinConsole.obj
         libnet.dir\Debug\CStream.obj
         libnet.dir\Debug\CDumper.obj
         libnet.dir\Debug\CInetAddress.obj
            正在创建库 D:/Code/mylib/bin/libnet/Debug/libnet.lib 和对象 D:/Code/mylib/bin/libnet/Debug/libnet.exp
         libnet.vcxproj -> D:\Code\mylib\bin\libnet\Debug\libnet.dll
     1>已完成生成项目“D:\Code\mylib\build\Source\Net_library\libnet.vcxproj”(Build 个目标)的操作。

生成成功。

已用时间 00:00:07.80
